2026-01-16 14:24:22,929 - INFO - Using device: cpu

2026-01-16 14:24:22,929 - INFO - ================================================================================
2026-01-16 14:24:22,929 - INFO - Preparing Dual-Year Data (2021 vs 2024)
2026-01-16 14:24:22,929 - INFO - ================================================================================
2026-01-16 14:28:00,433 - INFO - Saved sampled labels to outputs\dual_year_2021vs2024_20260116_142422\data\labels_sampled.csv
2026-01-16 14:28:00,433 - INFO - ================================================================================
2026-01-16 14:28:00,433 - INFO - Creating Dual-Year Dataset
2026-01-16 14:28:00,433 - INFO - ================================================================================
2026-01-16 14:28:00,433 - INFO - Created dual-year dataset with 900 samples
2026-01-16 14:28:00,465 - INFO - Train: 630, Val: 90, Test: 180
2026-01-16 14:28:00,465 - INFO - ================================================================================
2026-01-16 14:28:00,466 - INFO - Initializing DUAL_BRANCH Model
2026-01-16 14:28:00,466 - INFO - ================================================================================
2026-01-16 14:28:00,561 - INFO - Model parameters: 1803145
2026-01-16 14:28:00,561 - INFO - Input features: 10 (2021_in, 2021_out, 2024_in, 2024_out, diff_in, diff_out, rel_in, rel_out, total_2021, total_2024)
2026-01-16 14:28:00,561 - INFO - Feature usage: Both temporal (LSTM) and spatial (DySAT) branches use the same 10 features
2026-01-16 14:28:00,561 - INFO - ================================================================================
2026-01-16 14:28:00,562 - INFO - Training Model
2026-01-16 14:28:00,562 - INFO - ================================================================================
2026-01-16 14:28:38,749 - INFO - 
================================================================================
2026-01-16 14:28:38,749 - INFO - Evaluation on Test Set
2026-01-16 14:28:38,749 - INFO - ================================================================================
