2026-01-16 18:19:56,067 - INFO - Using device: cpu

2026-01-16 18:19:56,067 - INFO - ================================================================================
2026-01-16 18:19:56,068 - INFO - Preparing Dual-Year Data (2021 vs 2024)
2026-01-16 18:19:56,068 - INFO - ================================================================================
2026-01-16 18:24:11,245 - INFO - Saved sampled labels to outputs\dual_year_2021vs2024_20260116_181956\data\labels_sampled.csv
2026-01-16 18:24:11,245 - INFO - ================================================================================
2026-01-16 18:24:11,245 - INFO - Creating Dual-Year Dataset
2026-01-16 18:24:11,245 - INFO - ================================================================================
2026-01-16 18:24:11,245 - INFO - Created dual-year dataset with 900 samples
2026-01-16 18:24:11,292 - INFO - Train: 630, Val: 90, Test: 180
2026-01-16 18:24:11,293 - INFO - ================================================================================
2026-01-16 18:24:11,293 - INFO - Initializing DUAL_BRANCH Model
2026-01-16 18:24:11,293 - INFO - ================================================================================
2026-01-16 18:24:11,381 - INFO - Model parameters: 1589385
2026-01-16 18:24:11,381 - INFO - Input features: 10 (2021_in, 2021_out, 2024_in, 2024_out, diff_in, diff_out, rel_in, rel_out, total_2021, total_2024)
2026-01-16 18:24:11,381 - INFO - Temporal branch: (batch, 168, 10) -> LSTM+SPP
2026-01-16 18:24:11,381 - INFO - Spatial branch: (900, 168, 10) -> transpose -> (168, 900, 10) -> DySAT with temporal attention
2026-01-16 18:24:11,381 - INFO - ================================================================================
2026-01-16 18:24:11,381 - INFO - Training Model
2026-01-16 18:24:11,381 - INFO - ================================================================================
INFO:src.training.trainer:Trainer initialized on device: cpu
INFO:src.training.trainer:Model parameters: 1589385
INFO:src.training.trainer:Starting training for 50 epochs
Epoch 1 [Train]: 100%|████████████████████████████████████████████████████████████████████████████████████████████████████████████████████████████████████████| 40/40 [53:31<00:00, 80.30s/it, loss=1.92] 
Epoch 1 [Val]: 100%|████████████████████████████████████████████████████████████████████████████████████████████████████████████████████████████████████████████| 6/6 [00:36<00:00,  6.05s/it, loss=2.05]
INFO:src.training.trainer:Epoch 1/50
INFO:src.training.trainer:  Train - Loss: 2.1992, Acc: 0.1222, F1: 0.1044
INFO:src.training.trainer:  Val   - Loss: 2.0055, Acc: 0.2333, F1: 0.0874
INFO:src.training.trainer:  Saved best model (Acc: 0.2333, F1: 0.0874)
Epoch 2 [Train]: 100%|█████████████████████████████████████████████████████████████████████████████████████████████████████████████████████████████████████████| 40/40 [56:38<00:00, 84.96s/it, loss=2.3]
Epoch 2 [Val]: 100%|████████████████████████████████████████████████████████████████████████████████████████████████████████████████████████████████████████████| 6/6 [00:35<00:00,  5.97s/it, loss=2.07]
INFO:src.training.trainer:Epoch 2/50
INFO:src.training.trainer:  Train - Loss: 2.0697, Acc: 0.1762, F1: 0.1562
INFO:src.training.trainer:  Val   - Loss: 2.1637, Acc: 0.1333, F1: 0.0571
Epoch 3 [Train]:  72%|██████████████████████████████████████████████████████████████████████████████████████████████████▌                                     | 29/40 [43:47<16:57, 92.46s/it, loss=2.27] 
