2026-01-16 15:45:00,473 - INFO - Using device: cuda

2026-01-16 15:45:00,473 - INFO - ================================================================================
2026-01-16 15:45:00,473 - INFO - Preparing Dual-Year Data (2021 vs 2024)
2026-01-16 15:45:00,473 - INFO - ================================================================================
2026-01-16 15:50:54,654 - INFO - Saved sampled labels to outputs/dual_year_2021vs2024_20260116_154500/data/labels_sampled.csv
2026-01-16 15:50:54,654 - INFO - ================================================================================
2026-01-16 15:50:54,655 - INFO - Creating Dual-Year Dataset
2026-01-16 15:50:54,655 - INFO - ================================================================================
2026-01-16 15:50:54,655 - INFO - Created dual-year dataset with 900 samples
2026-01-16 15:50:54,699 - INFO - Train: 630, Val: 90, Test: 180
2026-01-16 15:50:54,699 - INFO - ================================================================================
2026-01-16 15:50:54,699 - INFO - Initializing DUAL_BRANCH Model
2026-01-16 15:50:54,700 - INFO - ================================================================================
2026-01-16 15:50:54,787 - INFO - Model parameters: 938057
2026-01-16 15:50:54,788 - INFO - Input features: 10 (2021_in, 2021_out, 2024_in, 2024_out, diff_in, diff_out, rel_in, rel_out, total_2021, total_2024)
2026-01-16 15:50:54,788 - INFO - Temporal branch: (batch, 168, 10) -> LSTM+SPP
2026-01-16 15:50:54,788 - INFO - Spatial branch: (900, 168, 10) -> transpose -> (168, 900, 10) -> DySAT with temporal attention
2026-01-16 15:50:54,788 - INFO - ================================================================================
2026-01-16 15:50:54,788 - INFO - Training Model
2026-01-16 15:50:54,788 - INFO - ================================================================================
2026-01-16 16:46:55,674 - INFO - 
================================================================================
2026-01-16 16:46:55,674 - INFO - Evaluation on Test Set
2026-01-16 16:46:55,674 - INFO - ================================================================================
2026-01-16 16:47:15,357 - INFO - 
================================================================================
2026-01-16 16:47:15,357 - INFO - Generating Visualizations
2026-01-16 16:47:15,357 - INFO - ================================================================================
2026-01-16 16:47:19,371 - INFO - Summary saved to outputs/dual_year_2021vs2024_20260116_154500/EXPERIMENT_SUMMARY.txt
2026-01-16 16:47:19,371 - INFO - 
================================================================================
2026-01-16 16:47:19,371 - INFO - DUAL-YEAR EXPERIMENT COMPLETED SUCCESSFULLY!
2026-01-16 16:47:19,371 - INFO - All results saved to: outputs/dual_year_2021vs2024_20260116_154500
2026-01-16 16:47:19,371 - INFO - ================================================================================
